<?xml version="1.0" encoding="UTF-8"?>
<robot generator="Robot 7.3.2 (Python 3.13.9 on win32)" generated="2025-10-23T22:02:15.978389" rpa="false" schemaversion="5">
<suite id="s1" name="Tests" source="C:\Users\User\Robot-Szkolenie\rf-workshop\tests">
<suite id="s1-s1" name="Selenium Tests" source="C:\Users\User\Robot-Szkolenie\rf-workshop\tests\selenium_tests.robot">
<test id="s1-s1-t1" name="Valid Check Box" line="31">
<kw name="Open The Application">
<kw name="Open Browser" owner="SeleniumLibrary">
<msg time="2025-10-23T22:02:16.229317" level="INFO">Opening browser 'chrome' to base url 'https://demoqa.com/checkbox'.</msg>
<arg>${URL}${endpoint}</arg>
<arg>${BROWSER}</arg>
<doc>Opens a new browser instance to the optional ``url``.</doc>
<status status="PASS" start="2025-10-23T22:02:16.228853" elapsed="2.180893"/>
</kw>
<kw name="Maximize Browser Window" owner="SeleniumLibrary">
<msg time="2025-10-23T22:02:18.412691" level="WARN">Keyword 'Capture Page Screenshot' could not be run on failure: Message: no such window: target window already closed
from unknown error: web view not found
  (Session info: chrome=141.0.7390.122)
Stacktrace:
	GetHandleVerifier [0x0x7ff7aa02e8e5+80021]
	GetHandleVerifier [0x0x7ff7aa02e940+80112]
	(No symbol) [0x0x7ff7a9db060f]
	(No symbol) [0x0x7ff7a9d882f1]
	(No symbol) [0x0x7ff7a9e388be]
	(No symbol) [0x0x7ff7a9e58fa2]
	(No symbol) [0x0x7ff7a9e31003]
	(No symbol) [0x0x7ff7a9df95d1]
	(No symbol) [0x0x7ff7a9dfa3f3]
	GetHandleVerifier [0x0x7ff7aa2edc7d+2960429]
	GetHandleVerifier [0x0x7ff7aa2e7f3a+2936554]
	GetHandleVerifier [0x0x7ff7aa308977+3070247]
	GetHandleVerifier [0x0x7ff7aa0483ce+185214]
	GetHandleVerifier [0x0x7ff7aa04fe1f+216527]
	GetHandleVerifier [0x0x7ff7aa037b24+117460]
	GetHandleVerifier [0x0x7ff7aa037cdf+117903]
	GetHandleVerifier [0x0x7ff7aa01dbb8+11112]
	BaseThreadInitThunk [0x0x7ff969ef7374+20]
	RtlUserThreadStart [0x0x7ff96addcc91+33]
</msg>
<msg time="2025-10-23T22:02:18.414393" level="FAIL">NoSuchWindowException: Message: no such window: target window already closed
from unknown error: web view not found
  (Session info: chrome=141.0.7390.122)
Stacktrace:
	GetHandleVerifier [0x0x7ff7aa02e8e5+80021]
	GetHandleVerifier [0x0x7ff7aa02e940+80112]
	(No symbol) [0x0x7ff7a9db060f]
	(No symbol) [0x0x7ff7a9d882f1]
	(No symbol) [0x0x7ff7a9e388be]
	(No symbol) [0x0x7ff7a9e58fa2]
	(No symbol) [0x0x7ff7a9e31003]
	(No symbol) [0x0x7ff7a9df95d1]
	(No symbol) [0x0x7ff7a9dfa3f3]
	GetHandleVerifier [0x0x7ff7aa2edc7d+2960429]
	GetHandleVerifier [0x0x7ff7aa2e7f3a+2936554]
	GetHandleVerifier [0x0x7ff7aa308977+3070247]
	GetHandleVerifier [0x0x7ff7aa0483ce+185214]
	GetHandleVerifier [0x0x7ff7aa04fe1f+216527]
	GetHandleVerifier [0x0x7ff7aa037b24+117460]
	GetHandleVerifier [0x0x7ff7aa037cdf+117903]
	GetHandleVerifier [0x0x7ff7aa01dbb8+11112]
	BaseThreadInitThunk [0x0x7ff969ef7374+20]
	RtlUserThreadStart [0x0x7ff96addcc91+33]
</msg>
<doc>Maximizes current browser window.</doc>
<status status="FAIL" start="2025-10-23T22:02:18.410002" elapsed="0.061236">NoSuchWindowException: Message: no such window: target window already closed
from unknown error: web view not found
  (Session info: chrome=141.0.7390.122)
Stacktrace:
	GetHandleVerifier [0x0x7ff7aa02e8e5+80021]
	GetHandleVerifier [0x0x7ff7aa02e940+80112]
	(No symbol) [0x0x7ff7a9db060f]
	(No symbol) [0x0x7ff7a9d882f1]
	(No symbol) [0x0x7ff7a9e388be]
	(No symbol) [0x0x7ff7a9e58fa2]
	(No symbol) [0x0x7ff7a9e31003]
	(No symbol) [0x0x7ff7a9df95d1]
	(No symbol) [0x0x7ff7a9dfa3f3]
	GetHandleVerifier [0x0x7ff7aa2edc7d+2960429]
	GetHandleVerifier [0x0x7ff7aa2e7f3a+2936554]
	GetHandleVerifier [0x0x7ff7aa308977+3070247]
	GetHandleVerifier [0x0x7ff7aa0483ce+185214]
	GetHandleVerifier [0x0x7ff7aa04fe1f+216527]
	GetHandleVerifier [0x0x7ff7aa037b24+117460]
	GetHandleVerifier [0x0x7ff7aa037cdf+117903]
	GetHandleVerifier [0x0x7ff7aa01dbb8+11112]
	BaseThreadInitThunk [0x0x7ff969ef7374+20]
	RtlUserThreadStart [0x0x7ff96addcc91+33]
</status>
</kw>
<kw name="Set Selenium Speed" owner="SeleniumLibrary">
<arg>0.2s</arg>
<doc>Sets the delay that is waited after each Selenium command.</doc>
<status status="NOT RUN" start="2025-10-23T22:02:18.471441" elapsed="0.000049"/>
</kw>
<arg>checkbox</arg>
<status status="FAIL" start="2025-10-23T22:02:16.227613" elapsed="2.244025">NoSuchWindowException: Message: no such window: target window already closed
from unknown error: web view not found
  (Session info: chrome=141.0.7390.122)
Stacktrace:
	GetHandleVerifier [0x0x7ff7aa02e8e5+80021]
	GetHandleVerifier [0x0x7ff7aa02e940+80112]
	(No symbol) [0x0x7ff7a9db060f]
	(No symbol) [0x0x7ff7a9d882f1]
	(No symbol) [0x0x7ff7a9e388be]
	(No symbol) [0x0x7ff7a9e58fa2]
	(No symbol) [0x0x7ff7a9e31003]
	(No symbol) [0x0x7ff7a9df95d1]
	(No symbol) [0x0x7ff7a9dfa3f3]
	GetHandleVerifier [0x0x7ff7aa2edc7d+2960429]
	GetHandleVerifier [0x0x7ff7aa2e7f3a+2936554]
	GetHandleVerifier [0x0x7ff7aa308977+3070247]
	GetHandleVerifier [0x0x7ff7aa0483ce+185214]
	GetHandleVerifier [0x0x7ff7aa04fe1f+216527]
	GetHandleVerifier [0x0x7ff7aa037b24+117460]
	GetHandleVerifier [0x0x7ff7aa037cdf+117903]
	GetHandleVerifier [0x0x7ff7aa01dbb8+11112]
	BaseThreadInitThunk [0x0x7ff969ef7374+20]
	RtlUserThreadStart [0x0x7ff96addcc91+33]
</status>
</kw>
<kw name="Click Button" owner="SeleniumLibrary">
<arg>//*[@id="tree-node"]/ol/li/span/button</arg>
<doc>Clicks the button identified by ``locator``.</doc>
<status status="NOT RUN" start="2025-10-23T22:02:18.471959" elapsed="0.000043"/>
</kw>
<kw name="Click Button" owner="SeleniumLibrary">
<arg>//*[@id="tree-node"]/ol/li/ol/li[3]/span/button</arg>
<doc>Clicks the button identified by ``locator``.</doc>
<status status="NOT RUN" start="2025-10-23T22:02:18.472287" elapsed="0.000173"/>
</kw>
<kw name="Click Element" owner="SeleniumLibrary">
<arg>//*[@id="tree-node"]/ol/li/ol/li[3]/ol/li[1]/span/label/span[1]</arg>
<doc>Click the element identified by ``locator``.</doc>
<status status="NOT RUN" start="2025-10-23T22:02:18.472670" elapsed="0.000031"/>
</kw>
<kw name="Page Should Contain" owner="SeleniumLibrary">
<arg>You have selected :</arg>
<doc>Verifies that current page contains ``text``.</doc>
<status status="NOT RUN" start="2025-10-23T22:02:18.472845" elapsed="0.000026"/>
</kw>
<kw name="Page Should Contain" owner="SeleniumLibrary">
<arg>wordFile</arg>
<doc>Verifies that current page contains ``text``.</doc>
<status status="NOT RUN" start="2025-10-23T22:02:18.473004" elapsed="0.000024"/>
</kw>
<status status="FAIL" start="2025-10-23T22:02:16.226519" elapsed="2.246710">NoSuchWindowException: Message: no such window: target window already closed
from unknown error: web view not found
  (Session info: chrome=141.0.7390.122)
Stacktrace:
	GetHandleVerifier [0x0x7ff7aa02e8e5+80021]
	GetHandleVerifier [0x0x7ff7aa02e940+80112]
	(No symbol) [0x0x7ff7a9db060f]
	(No symbol) [0x0x7ff7a9d882f1]
	(No symbol) [0x0x7ff7a9e388be]
	(No symbol) [0x0x7ff7a9e58fa2]
	(No symbol) [0x0x7ff7a9e31003]
	(No symbol) [0x0x7ff7a9df95d1]
	(No symbol) [0x0x7ff7a9dfa3f3]
	GetHandleVerifier [0x0x7ff7aa2edc7d+2960429]
	GetHandleVerifier [0x0x7ff7aa2e7f3a+2936554]
	GetHandleVerifier [0x0x7ff7aa308977+3070247]
	GetHandleVerifier [0x0x7ff7aa0483ce+185214]
	GetHandleVerifier [0x0x7ff7aa04fe1f+216527]
	GetHandleVerifier [0x0x7ff7aa037b24+117460]
	GetHandleVerifier [0x0x7ff7aa037cdf+117903]
	GetHandleVerifier [0x0x7ff7aa01dbb8+11112]
	BaseThreadInitThunk [0x0x7ff969ef7374+20]
	RtlUserThreadStart [0x0x7ff96addcc91+33]
</status>
</test>
<doc>This is a test suite documentation.</doc>
<status status="FAIL" start="2025-10-23T22:02:16.010183" elapsed="2.464886"/>
</suite>
<status status="FAIL" start="2025-10-23T22:02:15.979578" elapsed="2.496366"/>
</suite>
<statistics>
<total>
<stat pass="0" fail="1" skip="0">All Tests</stat>
</total>
<tag>
</tag>
<suite>
<stat name="Tests" id="s1" pass="0" fail="1" skip="0">Tests</stat>
<stat name="Selenium Tests" id="s1-s1" pass="0" fail="1" skip="0">Tests.Selenium Tests</stat>
</suite>
</statistics>
<errors>
<msg time="2025-10-23T22:02:16.224797" level="WARN">Imported resource file 'C:\Users\User\Robot-Szkolenie\rf-workshop\resources\selenium_locators.robot' is empty.</msg>
<msg time="2025-10-23T22:02:18.412691" level="WARN">Keyword 'Capture Page Screenshot' could not be run on failure: Message: no such window: target window already closed
from unknown error: web view not found
  (Session info: chrome=141.0.7390.122)
Stacktrace:
	GetHandleVerifier [0x0x7ff7aa02e8e5+80021]
	GetHandleVerifier [0x0x7ff7aa02e940+80112]
	(No symbol) [0x0x7ff7a9db060f]
	(No symbol) [0x0x7ff7a9d882f1]
	(No symbol) [0x0x7ff7a9e388be]
	(No symbol) [0x0x7ff7a9e58fa2]
	(No symbol) [0x0x7ff7a9e31003]
	(No symbol) [0x0x7ff7a9df95d1]
	(No symbol) [0x0x7ff7a9dfa3f3]
	GetHandleVerifier [0x0x7ff7aa2edc7d+2960429]
	GetHandleVerifier [0x0x7ff7aa2e7f3a+2936554]
	GetHandleVerifier [0x0x7ff7aa308977+3070247]
	GetHandleVerifier [0x0x7ff7aa0483ce+185214]
	GetHandleVerifier [0x0x7ff7aa04fe1f+216527]
	GetHandleVerifier [0x0x7ff7aa037b24+117460]
	GetHandleVerifier [0x0x7ff7aa037cdf+117903]
	GetHandleVerifier [0x0x7ff7aa01dbb8+11112]
	BaseThreadInitThunk [0x0x7ff969ef7374+20]
	RtlUserThreadStart [0x0x7ff96addcc91+33]
</msg>
</errors>
</robot>
